<?xml version="1.0" encoding="UTF-8" standalone="no"?>
<testsuite errors="0" failures="8" name="io.cucumber.core.plugin.JUnitFormatter" skipped="0" tests="8" time="0.249">
    <testcase classname="feature to test google search functionality" name="Validate google search is working" time="0.07">
        <failure message="The scenario has pending or undefined step(s)" type="java.lang.Exception"><![CDATA[Given browser is open.......................................................undefined
And user is on google search page...........................................undefined
When use enters a text in search box........................................undefined
And hits enter..............................................................undefined
Then user is navigated to search results....................................undefined
]]></failure>
    </testcase>
    <testcase classname="Test Login Functionality" name="Accediendo al login con credenciales validas" time="0.004">
        <failure message="The scenario has pending or undefined step(s)" type="java.lang.Exception"><![CDATA[Given Abrimos el navegador Chrome...........................................undefined
And El usurio ve a la ventana Login.........................................undefined
When Se ingresa el usuario y contrasena.....................................undefined
And hace click en el boton..................................................undefined
Then EL usuario navega por la pagina principal..............................undefined
]]></failure>
    </testcase>
    <testcase classname="Prueba de Funcionalidad de Login" name="Verificando el acceso al login con las credenciales" time="0.007">
        <failure message="The scenario has pending or undefined step(s)" type="java.lang.Exception"><![CDATA[Given Abrimos el navegador Firefox..........................................undefined
And El usurio se dirige a la ventana Login..................................undefined
When El usuario ingresa Eduardo y 12345.....................................undefined
And hace click en el boton login............................................undefined
Then EL usuario navega por la pagina........................................undefined
]]></failure>
    </testcase>
    <testcase classname="Prueba de Funcionalidad de Login" name="Verificando el acceso al login con las credenciales 2" time="0.003">
        <failure message="The scenario has pending or undefined step(s)" type="java.lang.Exception"><![CDATA[Given Abrimos el navegador Firefox..........................................undefined
And El usurio se dirige a la ventana Login..................................undefined
When El usuario ingresa Diego y 12345.......................................undefined
And hace click en el boton login............................................undefined
Then EL usuario navega por la pagina........................................undefined
]]></failure>
    </testcase>
    <testcase classname="Prueba de Funcionalidad de Login Successfull" name="Acceso al login con credenciales validas" time="0.006">
        <failure message="The scenario has pending or undefined step(s)" type="java.lang.Exception"><![CDATA[Given Abrimos el navegador web..............................................undefined
And Nos dirigimos al Login del sistema......................................undefined
When Accedemos con el Yadira y 12345........................................undefined
And Hacemos click en el boton login.........................................undefined
Then El usuario navega en la pagina de registro.............................undefined
]]></failure>
    </testcase>
    <testcase classname="Prueba de Funcionalidad de Login Successfull" name="Acceso al login con credenciales validas 2" time="0.001">
        <failure message="The scenario has pending or undefined step(s)" type="java.lang.Exception"><![CDATA[Given Abrimos el navegador web..............................................undefined
And Nos dirigimos al Login del sistema......................................undefined
When Accedemos con el Santiago y 12345......................................undefined
And Hacemos click en el boton login.........................................undefined
Then El usuario navega en la pagina de registro.............................undefined
]]></failure>
    </testcase>
    <testcase classname="Prueba de Funcionalidad de Login Successfull" name="Verificando el acceso al login con credenciales validas" time="0.005">
        <failure message="The scenario has pending or undefined step(s)" type="java.lang.Exception"><![CDATA[Given Se abre el navegador web..............................................undefined
And El usuario va a la ventana Login........................................undefined
When Ingresamos el Sergio y 12345...........................................undefined
And click en el boton login.................................................undefined
Then EL usuario navega por la pagina TestProject Example page...............undefined
]]></failure>
    </testcase>
    <testcase classname="Prueba de Funcionalidad de Login Successfull" name="Verificando el acceso al login con credenciales validas 2" time="0.002">
        <failure message="The scenario has pending or undefined step(s)" type="java.lang.Exception"><![CDATA[Given Se abre el navegador web..............................................undefined
And El usuario va a la ventana Login........................................undefined
When Ingresamos el Martin y 12345...........................................undefined
And click en el boton login.................................................undefined
Then EL usuario navega por la pagina TestProject Example page...............undefined
]]></failure>
    </testcase>
</testsuite>
